09:18:21 **** Build of configuration Debug for project W07 ****
make all 
Building file: ../src/Field5.cpp
Invoking: GCC C++ Compiler
g++ -std=c++1y -I"/home/rzi/HSR/module/CPl/workspace/W07/cute" -I"/home/rzi/HSR/module/CPl/workspace/W07/boost" -O0 -g3 -Wall -c -fmessage-length=0 -Wno-attributes -MMD -MP -MF"src/Field5.d" -MT"src/Field5.o" -o "src/Field5.o" "../src/Field5.cpp"
Finished building: ../src/Field5.cpp
 
Building file: ../src/Test.cpp
Invoking: GCC C++ Compiler
g++ -std=c++1y -I"/home/rzi/HSR/module/CPl/workspace/W07/cute" -I"/home/rzi/HSR/module/CPl/workspace/W07/boost" -O0 -g3 -Wall -c -fmessage-length=0 -Wno-attributes -MMD -MP -MF"src/Test.d" -MT"src/Test.o" -o "src/Test.o" "../src/Test.cpp"
Finished building: ../src/Test.cpp
 
Building target: W07
Invoking: GCC C++ Linker
g++  -o "W07"  ./src/Field5.o ./src/Test.o   
Finished building target: W07
 
09:18:31 **** Incremental Build of configuration Debug for project W07 ****
make all 
make: Nothing to be done for 'all'.
09:22:40 **** Incremental Build of configuration Debug for project W07 ****
make all 
Building file: ../src/Field5.cpp
Invoking: GCC C++ Compiler
g++ -std=c++1y -I"/home/rzi/HSR/module/CPl/workspace/W07/cute" -I"/home/rzi/HSR/module/CPl/workspace/W07/boost" -O0 -g3 -Wall -c -fmessage-length=0 -Wno-attributes -MMD -MP -MF"src/Field5.d" -MT"src/Field5.o" -o "src/Field5.o" "../src/Field5.cpp"
Finished building: ../src/Field5.cpp
 
Building file: ../src/Test.cpp
Invoking: GCC C++ Compiler
g++ -std=c++1y -I"/home/rzi/HSR/module/CPl/workspace/W07/cute" -I"/home/rzi/HSR/module/CPl/workspace/W07/boost" -O0 -g3 -Wall -c -fmessage-length=0 -Wno-attributes -MMD -MP -MF"src/Test.d" -MT"src/Test.o" -o "src/Test.o" "../src/Test.cpp"
Finished building: ../src/Test.cpp
 
Building target: W07
Invoking: GCC C++ Linker
g++  -o "W07"  ./src/Field5.o ./src/Test.o   
Finished building target: W07
 
09:23:53 **** Incremental Build of configuration Debug for project W07 ****
make all 
Building file: ../src/Field5.cpp
Invoking: GCC C++ Compiler
g++ -std=c++1y -I"/home/rzi/HSR/module/CPl/workspace/W07/cute" -I"/home/rzi/HSR/module/CPl/workspace/W07/boost" -O0 -g3 -Wall -c -fmessage-length=0 -Wno-attributes -MMD -MP -MF"src/Field5.d" -MT"src/Field5.o" -o "src/Field5.o" "../src/Field5.cpp"
Finished building: ../src/Field5.cpp
 
Building file: ../src/Test.cpp
Invoking: GCC C++ Compiler
g++ -std=c++1y -I"/home/rzi/HSR/module/CPl/workspace/W07/cute" -I"/home/rzi/HSR/module/CPl/workspace/W07/boost" -O0 -g3 -Wall -c -fmessage-length=0 -Wno-attributes -MMD -MP -MF"src/Test.d" -MT"src/Test.o" -o "src/Test.o" "../src/Test.cpp"
Finished building: ../src/Test.cpp
 
Building target: W07
Invoking: GCC C++ Linker
g++  -o "W07"  ./src/Field5.o ./src/Test.o   
Finished building target: W07
 
09:24:58 **** Incremental Build of configuration Debug for project W07 ****
make all 
Building file: ../src/Test.cpp
Invoking: GCC C++ Compiler
g++ -std=c++1y -I"/home/rzi/HSR/module/CPl/workspace/W07/cute" -I"/home/rzi/HSR/module/CPl/workspace/W07/boost" -O0 -g3 -Wall -c -fmessage-length=0 -Wno-attributes -MMD -MP -MF"src/Test.d" -MT"src/Test.o" -o "src/Test.o" "../src/Test.cpp"
In file included from /home/rzi/HSR/module/CPl/workspace/W07/cute/cute.h:25:0,
                 from ../src/Test.cpp:1:
/home/rzi/HSR/module/CPl/workspace/W07/cute/cute_equals.h: In instantiation of ‘bool cute::cute_do_equals::do_equals_floating(const ExpectedValue&, const ActualValue&, const std::integral_constant<bool, select_non_floating_point_type>&) [with ExpectedValue = int; ActualValue = Field5; bool select_non_floating_point_type = false]’:
/home/rzi/HSR/module/CPl/workspace/W07/cute/cute_equals.h:79:29:   required from ‘bool cute::cute_do_equals::do_equals(const ExpectedValue&, const ActualValue&, const true_type&, const std::integral_constant<bool, select_non_floating_point_type>&) [with ExpectedValue = int; ActualValue = Field5; bool select_non_integral_type = false; std::true_type = std::integral_constant<bool, true>]’
/home/rzi/HSR/module/CPl/workspace/W07/cute/cute_equals.h:196:32:   required from ‘void cute::assert_equal(const ExpectedValue&, const ActualValue&, const string&, const char*, int) [with ExpectedValue = int; ActualValue = Field5; std::__cxx11::string = std::__cxx11::basic_string<char>]’
../src/Test.cpp:10:2:   required from here
/home/rzi/HSR/module/CPl/workspace/W07/cute/cute_equals.h:46:19: warning: comparison between signed and unsigned integer expressions [-Wsign-compare]
    return expected==actual; // normal case for most types uses operator==!
           ~~~~~~~~^~~~~~~~
Finished building: ../src/Test.cpp
 
Building target: W07
Invoking: GCC C++ Linker
g++  -o "W07"  ./src/Field5.o ./src/Test.o   
Finished building target: W07
 
09:25:22 **** Incremental Build of configuration Debug for project W07 ****
make all 
Building file: ../src/Test.cpp
Invoking: GCC C++ Compiler
g++ -std=c++1y -I"/home/rzi/HSR/module/CPl/workspace/W07/cute" -I"/home/rzi/HSR/module/CPl/workspace/W07/boost" -O0 -g3 -Wall -c -fmessage-length=0 -Wno-attributes -MMD -MP -MF"src/Test.d" -MT"src/Test.o" -o "src/Test.o" "../src/Test.cpp"
Finished building: ../src/Test.cpp
 
Building target: W07
Invoking: GCC C++ Linker
g++  -o "W07"  ./src/Field5.o ./src/Test.o   
Finished building target: W07
 
09:25:25 **** Incremental Build of configuration Debug for project W07 ****
make all 
make: Nothing to be done for 'all'.
09:27:05 **** Incremental Build of configuration Debug for project W07 ****
make all 
Building file: ../src/Test.cpp
Invoking: GCC C++ Compiler
g++ -std=c++1y -I"/home/rzi/HSR/module/CPl/workspace/W07/cute" -I"/home/rzi/HSR/module/CPl/workspace/W07/boost" -O0 -g3 -Wall -c -fmessage-length=0 -Wno-attributes -MMD -MP -MF"src/Test.d" -MT"src/Test.o" -o "src/Test.o" "../src/Test.cpp"
Finished building: ../src/Test.cpp
 
Building target: W07
Invoking: GCC C++ Linker
g++  -o "W07"  ./src/Field5.o ./src/Test.o   
Finished building target: W07
 
09:27:21 **** Incremental Build of configuration Debug for project W07 ****
make all 
Building file: ../src/Test.cpp
Invoking: GCC C++ Compiler
g++ -std=c++1y -I"/home/rzi/HSR/module/CPl/workspace/W07/cute" -I"/home/rzi/HSR/module/CPl/workspace/W07/boost" -O0 -g3 -Wall -c -fmessage-length=0 -Wno-attributes -MMD -MP -MF"src/Test.d" -MT"src/Test.o" -o "src/Test.o" "../src/Test.cpp"
Finished building: ../src/Test.cpp
 
Building target: W07
Invoking: GCC C++ Linker
g++  -o "W07"  ./src/Field5.o ./src/Test.o   
Finished building target: W07
 
09:28:46 **** Incremental Build of configuration Debug for project W07 ****
make all 
Building file: ../src/Field5.cpp
Invoking: GCC C++ Compiler
g++ -std=c++1y -I"/home/rzi/HSR/module/CPl/workspace/W07/cute" -I"/home/rzi/HSR/module/CPl/workspace/W07/boost" -O0 -g3 -Wall -c -fmessage-length=0 -Wno-attributes -MMD -MP -MF"src/Field5.d" -MT"src/Field5.o" -o "src/Field5.o" "../src/Field5.cpp"
In file included from ../src/Field5.cpp:1:0:
../src/Field5.h: In member function ‘constexpr Field5 Field5::operator-(const Field5&) const’:
../src/Field5.h:38:28: error: call to non-constexpr function ‘std::basic_ostream<_CharT, _Traits>::__ostream_type& std::basic_ostream<_CharT, _Traits>::operator<<(unsigned int) [with _CharT = char; _Traits = std::char_traits<char>; std::basic_ostream<_CharT, _Traits>::__ostream_type = std::basic_ostream<char>]’
   std::cout << (val - r.val);
                            ^
make: *** [src/subdir.mk:23: src/Field5.o] Error 1
09:29:11 **** Incremental Build of configuration Debug for project W07 ****
make all 
Building file: ../src/Field5.cpp
Invoking: GCC C++ Compiler
g++ -std=c++1y -I"/home/rzi/HSR/module/CPl/workspace/W07/cute" -I"/home/rzi/HSR/module/CPl/workspace/W07/boost" -O0 -g3 -Wall -c -fmessage-length=0 -Wno-attributes -MMD -MP -MF"src/Field5.d" -MT"src/Field5.o" -o "src/Field5.o" "../src/Field5.cpp"
In file included from ../src/Field5.cpp:1:0:
../src/Field5.h: In member function ‘constexpr Field5 Field5::operator-(const Field5&) const’:
../src/Field5.h:38:16: error: call to non-constexpr function ‘std::basic_ostream<_CharT, _Traits>::__ostream_type& std::basic_ostream<_CharT, _Traits>::operator<<(unsigned int) [with _CharT = char; _Traits = std::char_traits<char>; std::basic_ostream<_CharT, _Traits>::__ostream_type = std::basic_ostream<char>]’
   std::cout << val; //(val - r.val);
                ^~~
make: *** [src/subdir.mk:23: src/Field5.o] Error 1
09:29:21 **** Incremental Build of configuration Debug for project W07 ****
make all 
Building file: ../src/Field5.cpp
Invoking: GCC C++ Compiler
g++ -std=c++1y -I"/home/rzi/HSR/module/CPl/workspace/W07/cute" -I"/home/rzi/HSR/module/CPl/workspace/W07/boost" -O0 -g3 -Wall -c -fmessage-length=0 -Wno-attributes -MMD -MP -MF"src/Field5.d" -MT"src/Field5.o" -o "src/Field5.o" "../src/Field5.cpp"
Finished building: ../src/Field5.cpp
 
Building file: ../src/Test.cpp
Invoking: GCC C++ Compiler
g++ -std=c++1y -I"/home/rzi/HSR/module/CPl/workspace/W07/cute" -I"/home/rzi/HSR/module/CPl/workspace/W07/boost" -O0 -g3 -Wall -c -fmessage-length=0 -Wno-attributes -MMD -MP -MF"src/Test.d" -MT"src/Test.o" -o "src/Test.o" "../src/Test.cpp"
Finished building: ../src/Test.cpp
 
Building target: W07
Invoking: GCC C++ Linker
g++  -o "W07"  ./src/Field5.o ./src/Test.o   
Finished building target: W07
 
09:29:26 **** Incremental Build of configuration Debug for project W07 ****
make all 
Building file: ../src/Field5.cpp
Invoking: GCC C++ Compiler
g++ -std=c++1y -I"/home/rzi/HSR/module/CPl/workspace/W07/cute" -I"/home/rzi/HSR/module/CPl/workspace/W07/boost" -O0 -g3 -Wall -c -fmessage-length=0 -Wno-attributes -MMD -MP -MF"src/Field5.d" -MT"src/Field5.o" -o "src/Field5.o" "../src/Field5.cpp"
Finished building: ../src/Field5.cpp
 
Building file: ../src/Test.cpp
Invoking: GCC C++ Compiler
g++ -std=c++1y -I"/home/rzi/HSR/module/CPl/workspace/W07/cute" -I"/home/rzi/HSR/module/CPl/workspace/W07/boost" -O0 -g3 -Wall -c -fmessage-length=0 -Wno-attributes -MMD -MP -MF"src/Test.d" -MT"src/Test.o" -o "src/Test.o" "../src/Test.cpp"
Finished building: ../src/Test.cpp
 
Building target: W07
Invoking: GCC C++ Linker
g++  -o "W07"  ./src/Field5.o ./src/Test.o   
Finished building target: W07
 
09:29:30 **** Incremental Build of configuration Debug for project W07 ****
make all 
make: Nothing to be done for 'all'.
09:29:34 **** Incremental Build of configuration Debug for project W07 ****
make all 
make: Nothing to be done for 'all'.
09:29:55 **** Incremental Build of configuration Debug for project W07 ****
make all 
Building file: ../src/Field5.cpp
Invoking: GCC C++ Compiler
g++ -std=c++1y -I"/home/rzi/HSR/module/CPl/workspace/W07/cute" -I"/home/rzi/HSR/module/CPl/workspace/W07/boost" -O0 -g3 -Wall -c -fmessage-length=0 -Wno-attributes -MMD -MP -MF"src/Field5.d" -MT"src/Field5.o" -o "src/Field5.o" "../src/Field5.cpp"
Finished building: ../src/Field5.cpp
 
Building file: ../src/Test.cpp
Invoking: GCC C++ Compiler
g++ -std=c++1y -I"/home/rzi/HSR/module/CPl/workspace/W07/cute" -I"/home/rzi/HSR/module/CPl/workspace/W07/boost" -O0 -g3 -Wall -c -fmessage-length=0 -Wno-attributes -MMD -MP -MF"src/Test.d" -MT"src/Test.o" -o "src/Test.o" "../src/Test.cpp"
Finished building: ../src/Test.cpp
 
Building target: W07
Invoking: GCC C++ Linker
g++  -o "W07"  ./src/Field5.o ./src/Test.o   
Finished building target: W07
 
09:30:07 **** Incremental Build of configuration Debug for project W07 ****
make all 
Building file: ../src/Field5.cpp
Invoking: GCC C++ Compiler
g++ -std=c++1y -I"/home/rzi/HSR/module/CPl/workspace/W07/cute" -I"/home/rzi/HSR/module/CPl/workspace/W07/boost" -O0 -g3 -Wall -c -fmessage-length=0 -Wno-attributes -MMD -MP -MF"src/Field5.d" -MT"src/Field5.o" -o "src/Field5.o" "../src/Field5.cpp"
Finished building: ../src/Field5.cpp
 
Building file: ../src/Test.cpp
Invoking: GCC C++ Compiler
g++ -std=c++1y -I"/home/rzi/HSR/module/CPl/workspace/W07/cute" -I"/home/rzi/HSR/module/CPl/workspace/W07/boost" -O0 -g3 -Wall -c -fmessage-length=0 -Wno-attributes -MMD -MP -MF"src/Test.d" -MT"src/Test.o" -o "src/Test.o" "../src/Test.cpp"
Finished building: ../src/Test.cpp
 
Building target: W07
Invoking: GCC C++ Linker
g++  -o "W07"  ./src/Field5.o ./src/Test.o   
Finished building target: W07
 
09:30:31 **** Incremental Build of configuration Debug for project W07 ****
make all 
Building file: ../src/Field5.cpp
Invoking: GCC C++ Compiler
g++ -std=c++1y -I"/home/rzi/HSR/module/CPl/workspace/W07/cute" -I"/home/rzi/HSR/module/CPl/workspace/W07/boost" -O0 -g3 -Wall -c -fmessage-length=0 -Wno-attributes -MMD -MP -MF"src/Field5.d" -MT"src/Field5.o" -o "src/Field5.o" "../src/Field5.cpp"
In file included from ../src/Field5.cpp:1:0:
../src/Field5.h: In constructor ‘constexpr Field5::Field5(int)’:
../src/Field5.h:7:12: warning: narrowing conversion of ‘(x % 5)’ from ‘int’ to ‘unsigned int’ inside { } [-Wnarrowing]
    val { x % 5 } {
          ~~^~~
../src/Field5.h: In member function ‘constexpr Field5 Field5::operator+(const Field5&) const’:
../src/Field5.h:35:23: warning: narrowing conversion of ‘(((unsigned int)((const Field5*)this)->Field5::val) + ((unsigned int)r.Field5::val))’ from ‘unsigned int’ to ‘int’ inside { } [-Wnarrowing]
   return Field5 { val + r.val };
                   ~~~~^~~~~~~
../src/Field5.h: In member function ‘Field5 Field5::operator-(const Field5&) const’:
../src/Field5.h:40:23: warning: narrowing conversion of ‘(((unsigned int)((const Field5*)this)->Field5::val) - ((unsigned int)r.Field5::val))’ from ‘unsigned int’ to ‘int’ inside { } [-Wnarrowing]
   return Field5 { val - r.val };
                   ~~~~^~~~~~~
../src/Field5.h: In member function ‘constexpr Field5 Field5::operator*(const Field5&) const’:
../src/Field5.h:43:23: warning: narrowing conversion of ‘(((unsigned int)((const Field5*)this)->Field5::val) * ((unsigned int)r.Field5::val))’ from ‘unsigned int’ to ‘int’ inside { } [-Wnarrowing]
   return Field5 { val * r.val };
                   ~~~~^~~~~~~
../src/Field5.h: In function ‘constexpr Field5 F5::operator""_F5(long long unsigned int)’:
../src/Field5.h:51:18: warning: narrowing conversion of ‘(unsigned int)(v % 5ull)’ from ‘unsigned int’ to ‘int’ inside { } [-Wnarrowing]
  return Field5 { static_cast<unsigned>(v % 5) };
                  ^~~~~~~~~~~~~~~~~~~~~~~~~~~~
Finished building: ../src/Field5.cpp
 
Building file: ../src/Test.cpp
Invoking: GCC C++ Compiler
g++ -std=c++1y -I"/home/rzi/HSR/module/CPl/workspace/W07/cute" -I"/home/rzi/HSR/module/CPl/workspace/W07/boost" -O0 -g3 -Wall -c -fmessage-length=0 -Wno-attributes -MMD -MP -MF"src/Test.d" -MT"src/Test.o" -o "src/Test.o" "../src/Test.cpp"
In file included from ../src/Test.cpp:6:0:
../src/Field5.h: In constructor ‘constexpr Field5::Field5(int)’:
../src/Field5.h:7:12: warning: narrowing conversion of ‘(x % 5)’ from ‘int’ to ‘unsigned int’ inside { } [-Wnarrowing]
    val { x % 5 } {
          ~~^~~
../src/Field5.h: In member function ‘constexpr Field5 Field5::operator+(const Field5&) const’:
../src/Field5.h:35:23: warning: narrowing conversion of ‘(((unsigned int)((const Field5*)this)->Field5::val) + ((unsigned int)r.Field5::val))’ from ‘unsigned int’ to ‘int’ inside { } [-Wnarrowing]
   return Field5 { val + r.val };
                   ~~~~^~~~~~~
../src/Field5.h: In member function ‘Field5 Field5::operator-(const Field5&) const’:
../src/Field5.h:40:23: warning: narrowing conversion of ‘(((unsigned int)((const Field5*)this)->Field5::val) - ((unsigned int)r.Field5::val))’ from ‘unsigned int’ to ‘int’ inside { } [-Wnarrowing]
   return Field5 { val - r.val };
                   ~~~~^~~~~~~
../src/Field5.h: In member function ‘constexpr Field5 Field5::operator*(const Field5&) const’:
../src/Field5.h:43:23: warning: narrowing conversion of ‘(((unsigned int)((const Field5*)this)->Field5::val) * ((unsigned int)r.Field5::val))’ from ‘unsigned int’ to ‘int’ inside { } [-Wnarrowing]
   return Field5 { val * r.val };
                   ~~~~^~~~~~~
../src/Field5.h: In function ‘constexpr Field5 F5::operator""_F5(long long unsigned int)’:
../src/Field5.h:51:18: warning: narrowing conversion of ‘(unsigned int)(v % 5ull)’ from ‘unsigned int’ to ‘int’ inside { } [-Wnarrowing]
  return Field5 { static_cast<unsigned>(v % 5) };
                  ^~~~~~~~~~~~~~~~~~~~~~~~~~~~
Finished building: ../src/Test.cpp
 
Building target: W07
Invoking: GCC C++ Linker
g++  -o "W07"  ./src/Field5.o ./src/Test.o   
Finished building target: W07
 
09:32:27 **** Incremental Build of configuration Debug for project W07 ****
make all 
Building file: ../src/Field5.cpp
Invoking: GCC C++ Compiler
g++ -std=c++1y -I"/home/rzi/HSR/module/CPl/workspace/W07/cute" -I"/home/rzi/HSR/module/CPl/workspace/W07/boost" -O0 -g3 -Wall -c -fmessage-length=0 -Wno-attributes -MMD -MP -MF"src/Field5.d" -MT"src/Field5.o" -o "src/Field5.o" "../src/Field5.cpp"
Finished building: ../src/Field5.cpp
 
Building file: ../src/Test.cpp
Invoking: GCC C++ Compiler
g++ -std=c++1y -I"/home/rzi/HSR/module/CPl/workspace/W07/cute" -I"/home/rzi/HSR/module/CPl/workspace/W07/boost" -O0 -g3 -Wall -c -fmessage-length=0 -Wno-attributes -MMD -MP -MF"src/Test.d" -MT"src/Test.o" -o "src/Test.o" "../src/Test.cpp"
Finished building: ../src/Test.cpp
 
Building target: W07
Invoking: GCC C++ Linker
g++  -o "W07"  ./src/Field5.o ./src/Test.o   
Finished building target: W07
 
09:33:44 **** Incremental Build of configuration Debug for project W07 ****
make all 
Building file: ../src/Field5.cpp
Invoking: GCC C++ Compiler
g++ -std=c++1y -I"/home/rzi/HSR/module/CPl/workspace/W07/cute" -I"/home/rzi/HSR/module/CPl/workspace/W07/boost" -O0 -g3 -Wall -c -fmessage-length=0 -Wno-attributes -MMD -MP -MF"src/Field5.d" -MT"src/Field5.o" -o "src/Field5.o" "../src/Field5.cpp"
In file included from ../src/Field5.cpp:1:0:
../src/Field5.h: In member function ‘constexpr Field5 Field5::operator-(const Field5&) const’:
../src/Field5.h:39:26: warning: narrowing conversion of ‘(result % 5)’ from ‘int’ to ‘unsigned int’ inside { } [-Wnarrowing]
   return Field5 { result % 5 };
                   ~~~~~~~^~~
Finished building: ../src/Field5.cpp
 
Building file: ../src/Test.cpp
Invoking: GCC C++ Compiler
g++ -std=c++1y -I"/home/rzi/HSR/module/CPl/workspace/W07/cute" -I"/home/rzi/HSR/module/CPl/workspace/W07/boost" -O0 -g3 -Wall -c -fmessage-length=0 -Wno-attributes -MMD -MP -MF"src/Test.d" -MT"src/Test.o" -o "src/Test.o" "../src/Test.cpp"
In file included from ../src/Test.cpp:6:0:
../src/Field5.h: In member function ‘constexpr Field5 Field5::operator-(const Field5&) const’:
../src/Field5.h:39:26: warning: narrowing conversion of ‘(result % 5)’ from ‘int’ to ‘unsigned int’ inside { } [-Wnarrowing]
   return Field5 { result % 5 };
                   ~~~~~~~^~~
Finished building: ../src/Test.cpp
 
Building target: W07
Invoking: GCC C++ Linker
g++  -o "W07"  ./src/Field5.o ./src/Test.o   
Finished building target: W07
 
09:33:53 **** Incremental Build of configuration Debug for project W07 ****
make all 
make: Nothing to be done for 'all'.
09:34:09 **** Incremental Build of configuration Debug for project W07 ****
make all 
Building file: ../src/Field5.cpp
Invoking: GCC C++ Compiler
g++ -std=c++1y -I"/home/rzi/HSR/module/CPl/workspace/W07/cute" -I"/home/rzi/HSR/module/CPl/workspace/W07/boost" -O0 -g3 -Wall -c -fmessage-length=0 -Wno-attributes -MMD -MP -MF"src/Field5.d" -MT"src/Field5.o" -o "src/Field5.o" "../src/Field5.cpp"
In file included from ../src/Field5.cpp:1:0:
../src/Field5.h: In member function ‘constexpr Field5 Field5::operator-(const Field5&) const’:
../src/Field5.h:41:26: warning: narrowing conversion of ‘(result % 5)’ from ‘int’ to ‘unsigned int’ inside { } [-Wnarrowing]
   return Field5 { result % 5 };
                   ~~~~~~~^~~
../src/Field5.h:40:16: error: call to non-constexpr function ‘std::basic_ostream<_CharT, _Traits>& std::basic_ostream<_CharT, _Traits>::operator<<(int) [with _CharT = char; _Traits = std::char_traits<char>]’
   std::cout << result;
                ^~~~~~
make: *** [src/subdir.mk:23: src/Field5.o] Error 1
09:34:14 **** Incremental Build of configuration Debug for project W07 ****
make all 
Building file: ../src/Field5.cpp
Invoking: GCC C++ Compiler
g++ -std=c++1y -I"/home/rzi/HSR/module/CPl/workspace/W07/cute" -I"/home/rzi/HSR/module/CPl/workspace/W07/boost" -O0 -g3 -Wall -c -fmessage-length=0 -Wno-attributes -MMD -MP -MF"src/Field5.d" -MT"src/Field5.o" -o "src/Field5.o" "../src/Field5.cpp"
In file included from ../src/Field5.cpp:1:0:
../src/Field5.h: In member function ‘Field5 Field5::operator-(const Field5&) const’:
../src/Field5.h:41:26: warning: narrowing conversion of ‘(result % 5)’ from ‘int’ to ‘unsigned int’ inside { } [-Wnarrowing]
   return Field5 { result % 5 };
                   ~~~~~~~^~~
Finished building: ../src/Field5.cpp
 
Building file: ../src/Test.cpp
Invoking: GCC C++ Compiler
g++ -std=c++1y -I"/home/rzi/HSR/module/CPl/workspace/W07/cute" -I"/home/rzi/HSR/module/CPl/workspace/W07/boost" -O0 -g3 -Wall -c -fmessage-length=0 -Wno-attributes -MMD -MP -MF"src/Test.d" -MT"src/Test.o" -o "src/Test.o" "../src/Test.cpp"
In file included from ../src/Test.cpp:6:0:
../src/Field5.h: In member function ‘Field5 Field5::operator-(const Field5&) const’:
../src/Field5.h:41:26: warning: narrowing conversion of ‘(result % 5)’ from ‘int’ to ‘unsigned int’ inside { } [-Wnarrowing]
   return Field5 { result % 5 };
                   ~~~~~~~^~~
Finished building: ../src/Test.cpp
 
Building target: W07
Invoking: GCC C++ Linker
g++  -o "W07"  ./src/Field5.o ./src/Test.o   
Finished building target: W07
 
09:34:19 **** Incremental Build of configuration Debug for project W07 ****
make all 
make: Nothing to be done for 'all'.
09:34:27 **** Incremental Build of configuration Debug for project W07 ****
make all 
Building file: ../src/Field5.cpp
Invoking: GCC C++ Compiler
g++ -std=c++1y -I"/home/rzi/HSR/module/CPl/workspace/W07/cute" -I"/home/rzi/HSR/module/CPl/workspace/W07/boost" -O0 -g3 -Wall -c -fmessage-length=0 -Wno-attributes -MMD -MP -MF"src/Field5.d" -MT"src/Field5.o" -o "src/Field5.o" "../src/Field5.cpp"
In file included from ../src/Field5.cpp:1:0:
../src/Field5.h: In member function ‘Field5 Field5::operator-(const Field5&) const’:
../src/Field5.h:41:26: warning: narrowing conversion of ‘(result % 5)’ from ‘int’ to ‘unsigned int’ inside { } [-Wnarrowing]
   return Field5 { result % 5 };
                   ~~~~~~~^~~
Finished building: ../src/Field5.cpp
 
Building file: ../src/Test.cpp
Invoking: GCC C++ Compiler
g++ -std=c++1y -I"/home/rzi/HSR/module/CPl/workspace/W07/cute" -I"/home/rzi/HSR/module/CPl/workspace/W07/boost" -O0 -g3 -Wall -c -fmessage-length=0 -Wno-attributes -MMD -MP -MF"src/Test.d" -MT"src/Test.o" -o "src/Test.o" "../src/Test.cpp"
In file included from ../src/Test.cpp:6:0:
../src/Field5.h: In member function ‘Field5 Field5::operator-(const Field5&) const’:
../src/Field5.h:41:26: warning: narrowing conversion of ‘(result % 5)’ from ‘int’ to ‘unsigned int’ inside { } [-Wnarrowing]
   return Field5 { result % 5 };
                   ~~~~~~~^~~
Finished building: ../src/Test.cpp
 
Building target: W07
Invoking: GCC C++ Linker
g++  -o "W07"  ./src/Field5.o ./src/Test.o   
Finished building target: W07
 
09:35:07 **** Incremental Build of configuration Debug for project W07 ****
make all 
Building file: ../src/Field5.cpp
Invoking: GCC C++ Compiler
g++ -std=c++1y -I"/home/rzi/HSR/module/CPl/workspace/W07/cute" -I"/home/rzi/HSR/module/CPl/workspace/W07/boost" -O0 -g3 -Wall -c -fmessage-length=0 -Wno-attributes -MMD -MP -MF"src/Field5.d" -MT"src/Field5.o" -o "src/Field5.o" "../src/Field5.cpp"
In file included from ../src/Field5.cpp:1:0:
../src/Field5.h: In member function ‘Field5 Field5::operator-(const Field5&) const’:
../src/Field5.h:42:3: error: expected ‘;’ before ‘}’ token
   }
   ^
../src/Field5.h:44:26: warning: narrowing conversion of ‘(result % 5)’ from ‘int’ to ‘unsigned int’ inside { } [-Wnarrowing]
   return Field5 { result % 5 };
                   ~~~~~~~^~~
make: *** [src/subdir.mk:23: src/Field5.o] Error 1
09:35:13 **** Incremental Build of configuration Debug for project W07 ****
make all 
Building file: ../src/Field5.cpp
Invoking: GCC C++ Compiler
g++ -std=c++1y -I"/home/rzi/HSR/module/CPl/workspace/W07/cute" -I"/home/rzi/HSR/module/CPl/workspace/W07/boost" -O0 -g3 -Wall -c -fmessage-length=0 -Wno-attributes -MMD -MP -MF"src/Field5.d" -MT"src/Field5.o" -o "src/Field5.o" "../src/Field5.cpp"
In file included from ../src/Field5.cpp:1:0:
../src/Field5.h: In member function ‘Field5 Field5::operator-(const Field5&) const’:
../src/Field5.h:44:26: warning: narrowing conversion of ‘result’ from ‘int’ to ‘unsigned int’ inside { } [-Wnarrowing]
   return Field5 { result };
                          ^
Finished building: ../src/Field5.cpp
 
Building file: ../src/Test.cpp
Invoking: GCC C++ Compiler
g++ -std=c++1y -I"/home/rzi/HSR/module/CPl/workspace/W07/cute" -I"/home/rzi/HSR/module/CPl/workspace/W07/boost" -O0 -g3 -Wall -c -fmessage-length=0 -Wno-attributes -MMD -MP -MF"src/Test.d" -MT"src/Test.o" -o "src/Test.o" "../src/Test.cpp"
In file included from ../src/Test.cpp:6:0:
../src/Field5.h: In member function ‘Field5 Field5::operator-(const Field5&) const’:
../src/Field5.h:44:26: warning: narrowing conversion of ‘result’ from ‘int’ to ‘unsigned int’ inside { } [-Wnarrowing]
   return Field5 { result };
                          ^
Finished building: ../src/Test.cpp
 
Building target: W07
Invoking: GCC C++ Linker
g++  -o "W07"  ./src/Field5.o ./src/Test.o   
Finished building target: W07
 
09:35:28 **** Incremental Build of configuration Debug for project W07 ****
make all 
Building file: ../src/Field5.cpp
Invoking: GCC C++ Compiler
g++ -std=c++1y -I"/home/rzi/HSR/module/CPl/workspace/W07/cute" -I"/home/rzi/HSR/module/CPl/workspace/W07/boost" -O0 -g3 -Wall -c -fmessage-length=0 -Wno-attributes -MMD -MP -MF"src/Field5.d" -MT"src/Field5.o" -o "src/Field5.o" "../src/Field5.cpp"
Finished building: ../src/Field5.cpp
 
Building file: ../src/Test.cpp
Invoking: GCC C++ Compiler
g++ -std=c++1y -I"/home/rzi/HSR/module/CPl/workspace/W07/cute" -I"/home/rzi/HSR/module/CPl/workspace/W07/boost" -O0 -g3 -Wall -c -fmessage-length=0 -Wno-attributes -MMD -MP -MF"src/Test.d" -MT"src/Test.o" -o "src/Test.o" "../src/Test.cpp"
Finished building: ../src/Test.cpp
 
Building target: W07
Invoking: GCC C++ Linker
g++  -o "W07"  ./src/Field5.o ./src/Test.o   
Finished building target: W07
 
09:35:38 **** Incremental Build of configuration Debug for project W07 ****
make all 
Building file: ../src/Field5.cpp
Invoking: GCC C++ Compiler
g++ -std=c++1y -I"/home/rzi/HSR/module/CPl/workspace/W07/cute" -I"/home/rzi/HSR/module/CPl/workspace/W07/boost" -O0 -g3 -Wall -c -fmessage-length=0 -Wno-attributes -MMD -MP -MF"src/Field5.d" -MT"src/Field5.o" -o "src/Field5.o" "../src/Field5.cpp"
Finished building: ../src/Field5.cpp
 
Building file: ../src/Test.cpp
Invoking: GCC C++ Compiler
g++ -std=c++1y -I"/home/rzi/HSR/module/CPl/workspace/W07/cute" -I"/home/rzi/HSR/module/CPl/workspace/W07/boost" -O0 -g3 -Wall -c -fmessage-length=0 -Wno-attributes -MMD -MP -MF"src/Test.d" -MT"src/Test.o" -o "src/Test.o" "../src/Test.cpp"
Finished building: ../src/Test.cpp
 
Building target: W07
Invoking: GCC C++ Linker
g++  -o "W07"  ./src/Field5.o ./src/Test.o   
Finished building target: W07
 
09:35:52 **** Incremental Build of configuration Debug for project W07 ****
make all 
Building file: ../src/Field5.cpp
Invoking: GCC C++ Compiler
g++ -std=c++1y -I"/home/rzi/HSR/module/CPl/workspace/W07/cute" -I"/home/rzi/HSR/module/CPl/workspace/W07/boost" -O0 -g3 -Wall -c -fmessage-length=0 -Wno-attributes -MMD -MP -MF"src/Field5.d" -MT"src/Field5.o" -o "src/Field5.o" "../src/Field5.cpp"
Finished building: ../src/Field5.cpp
 
Building file: ../src/Test.cpp
Invoking: GCC C++ Compiler
g++ -std=c++1y -I"/home/rzi/HSR/module/CPl/workspace/W07/cute" -I"/home/rzi/HSR/module/CPl/workspace/W07/boost" -O0 -g3 -Wall -c -fmessage-length=0 -Wno-attributes -MMD -MP -MF"src/Test.d" -MT"src/Test.o" -o "src/Test.o" "../src/Test.cpp"
Finished building: ../src/Test.cpp
 
Building target: W07
Invoking: GCC C++ Linker
g++  -o "W07"  ./src/Field5.o ./src/Test.o   
Finished building target: W07
 
09:36:27 **** Incremental Build of configuration Debug for project W07 ****
make all 
make: Nothing to be done for 'all'.
09:38:01 **** Incremental Build of configuration Debug for project W07 ****
make all 
Building file: ../src/Test.cpp
Invoking: GCC C++ Compiler
g++ -std=c++1y -I"/home/rzi/HSR/module/CPl/workspace/W07/cute" -I"/home/rzi/HSR/module/CPl/workspace/W07/boost" -O0 -g3 -Wall -c -fmessage-length=0 -Wno-attributes -MMD -MP -MF"src/Test.d" -MT"src/Test.o" -o "src/Test.o" "../src/Test.cpp"
../src/Test.cpp: In function ‘void thisSimpleField5MutationSubstraction3Minus4()’:
../src/Test.cpp:25:12: error: expected initializer before ‘-=’ token
  Field5 f3 -= f4;
            ^~
In file included from /home/rzi/HSR/module/CPl/workspace/W07/cute/cute.h:25:0,
                 from ../src/Test.cpp:1:
../src/Test.cpp:26:18: error: ‘result’ was not declared in this scope
  ASSERT_EQUAL(4, result.value());
                  ^
/home/rzi/HSR/module/CPl/workspace/W07/cute/cute_equals.h:214:75: note: in definition of macro ‘ASSERT_EQUALM’
 #define ASSERT_EQUALM(msg,expected,actual) cute::assert_equal((expected),(actual),\
                                                                           ^~~~~~
../src/Test.cpp:26:2: note: in expansion of macro ‘ASSERT_EQUAL’
  ASSERT_EQUAL(4, result.value());
  ^~~~~~~~~~~~
make: *** [src/subdir.mk:23: src/Test.o] Error 1
09:38:06 **** Incremental Build of configuration Debug for project W07 ****
make all 
Building file: ../src/Test.cpp
Invoking: GCC C++ Compiler
g++ -std=c++1y -I"/home/rzi/HSR/module/CPl/workspace/W07/cute" -I"/home/rzi/HSR/module/CPl/workspace/W07/boost" -O0 -g3 -Wall -c -fmessage-length=0 -Wno-attributes -MMD -MP -MF"src/Test.d" -MT"src/Test.o" -o "src/Test.o" "../src/Test.cpp"
In file included from /home/rzi/HSR/module/CPl/workspace/W07/cute/cute.h:25:0,
                 from ../src/Test.cpp:1:
../src/Test.cpp: In function ‘void thisSimpleField5MutationSubstraction3Minus4()’:
../src/Test.cpp:26:18: error: ‘result’ was not declared in this scope
  ASSERT_EQUAL(4, result.value());
                  ^
/home/rzi/HSR/module/CPl/workspace/W07/cute/cute_equals.h:214:75: note: in definition of macro ‘ASSERT_EQUALM’
 #define ASSERT_EQUALM(msg,expected,actual) cute::assert_equal((expected),(actual),\
                                                                           ^~~~~~
../src/Test.cpp:26:2: note: in expansion of macro ‘ASSERT_EQUAL’
  ASSERT_EQUAL(4, result.value());
  ^~~~~~~~~~~~
make: *** [src/subdir.mk:23: src/Test.o] Error 1
09:38:10 **** Incremental Build of configuration Debug for project W07 ****
make all 
Building file: ../src/Test.cpp
Invoking: GCC C++ Compiler
g++ -std=c++1y -I"/home/rzi/HSR/module/CPl/workspace/W07/cute" -I"/home/rzi/HSR/module/CPl/workspace/W07/boost" -O0 -g3 -Wall -c -fmessage-length=0 -Wno-attributes -MMD -MP -MF"src/Test.d" -MT"src/Test.o" -o "src/Test.o" "../src/Test.cpp"
In file included from /home/rzi/HSR/module/CPl/workspace/W07/cute/cute.h:25:0,
                 from ../src/Test.cpp:1:
../src/Test.cpp: In function ‘void thisSimpleField5MutationSubstraction3Minus4()’:
../src/Test.cpp:26:18: error: ‘result’ was not declared in this scope
  ASSERT_EQUAL(4, result.value());
                  ^
/home/rzi/HSR/module/CPl/workspace/W07/cute/cute_equals.h:214:75: note: in definition of macro ‘ASSERT_EQUALM’
 #define ASSERT_EQUALM(msg,expected,actual) cute::assert_equal((expected),(actual),\
                                                                           ^~~~~~
../src/Test.cpp:26:2: note: in expansion of macro ‘ASSERT_EQUAL’
  ASSERT_EQUAL(4, result.value());
  ^~~~~~~~~~~~
make: *** [src/subdir.mk:23: src/Test.o] Error 1
09:38:22 **** Incremental Build of configuration Debug for project W07 ****
make all 
Building file: ../src/Test.cpp
Invoking: GCC C++ Compiler
g++ -std=c++1y -I"/home/rzi/HSR/module/CPl/workspace/W07/cute" -I"/home/rzi/HSR/module/CPl/workspace/W07/boost" -O0 -g3 -Wall -c -fmessage-length=0 -Wno-attributes -MMD -MP -MF"src/Test.d" -MT"src/Test.o" -o "src/Test.o" "../src/Test.cpp"
Finished building: ../src/Test.cpp
 
Building target: W07
Invoking: GCC C++ Linker
g++  -o "W07"  ./src/Field5.o ./src/Test.o   
Finished building target: W07
 
09:38:25 **** Incremental Build of configuration Debug for project W07 ****
make all 
make: Nothing to be done for 'all'.
09:39:47 **** Incremental Build of configuration Debug for project W07 ****
make all 
Building file: ../src/Field5.cpp
Invoking: GCC C++ Compiler
g++ -std=c++1y -I"/home/rzi/HSR/module/CPl/workspace/W07/cute" -I"/home/rzi/HSR/module/CPl/workspace/W07/boost" -O0 -g3 -Wall -c -fmessage-length=0 -Wno-attributes -MMD -MP -MF"src/Field5.d" -MT"src/Field5.o" -o "src/Field5.o" "../src/Field5.cpp"
Finished building: ../src/Field5.cpp
 
Building file: ../src/Test.cpp
Invoking: GCC C++ Compiler
g++ -std=c++1y -I"/home/rzi/HSR/module/CPl/workspace/W07/cute" -I"/home/rzi/HSR/module/CPl/workspace/W07/boost" -O0 -g3 -Wall -c -fmessage-length=0 -Wno-attributes -MMD -MP -MF"src/Test.d" -MT"src/Test.o" -o "src/Test.o" "../src/Test.cpp"
Finished building: ../src/Test.cpp
 
Building target: W07
Invoking: GCC C++ Linker
g++  -o "W07"  ./src/Field5.o ./src/Test.o   
Finished building target: W07
 
09:40:23 **** Incremental Build of configuration Debug for project W07 ****
make all 
Building file: ../src/Test.cpp
Invoking: GCC C++ Compiler
g++ -std=c++1y -I"/home/rzi/HSR/module/CPl/workspace/W07/cute" -I"/home/rzi/HSR/module/CPl/workspace/W07/boost" -O0 -g3 -Wall -c -fmessage-length=0 -Wno-attributes -MMD -MP -MF"src/Test.d" -MT"src/Test.o" -o "src/Test.o" "../src/Test.cpp"
Finished building: ../src/Test.cpp
 
Building target: W07
Invoking: GCC C++ Linker
g++  -o "W07"  ./src/Field5.o ./src/Test.o   
Finished building target: W07
 
09:41:31 **** Incremental Build of configuration Debug for project W07 ****
make all 
Building file: ../src/Test.cpp
Invoking: GCC C++ Compiler
g++ -std=c++1y -I"/home/rzi/HSR/module/CPl/workspace/W07/cute" -I"/home/rzi/HSR/module/CPl/workspace/W07/boost" -O0 -g3 -Wall -c -fmessage-length=0 -Wno-attributes -MMD -MP -MF"src/Test.d" -MT"src/Test.o" -o "src/Test.o" "../src/Test.cpp"
../src/Test.cpp: In function ‘void testSimpleField5Negation()’:
../src/Test.cpp:31:20: error: conversion from ‘unsigned int’ to non-scalar type ‘Field5’ requested
  Field5 result = a + (-a);
                  ~~^~~~~~
make: *** [src/subdir.mk:23: src/Test.o] Error 1
09:44:15 **** Incremental Build of configuration Debug for project W07 ****
make all 
Building file: ../src/Field5.cpp
Invoking: GCC C++ Compiler
g++ -std=c++1y -I"/home/rzi/HSR/module/CPl/workspace/W07/cute" -I"/home/rzi/HSR/module/CPl/workspace/W07/boost" -O0 -g3 -Wall -c -fmessage-length=0 -Wno-attributes -MMD -MP -MF"src/Field5.d" -MT"src/Field5.o" -o "src/Field5.o" "../src/Field5.cpp"
In file included from ../src/Field5.cpp:1:0:
../src/Field5.h: In member function ‘constexpr Field5 Field5::operator/=(const Field5&) const’:
../src/Field5.h:49:29: error: passing ‘const Field5’ as ‘this’ argument discards qualifiers [-fpermissive]
   return *this *= r.inverse();
                             ^
../src/Field5.h:31:19: note:   in call to ‘constexpr Field5 Field5::operator*=(const Field5&)’
  constexpr Field5 operator*=(Field5 const&r) {
                   ^~~~~~~~
../src/Field5.h: In member function ‘constexpr Field5 Field5::operator-() const’:
../src/Field5.h:53:25: error: ‘r’ was not declared in this scope
   return Field5 { val * r.val };
                         ^
../src/Field5.h:53:31: error: no matching function for call to ‘Field5::Field5(<brace-enclosed initializer list>)’
   return Field5 { val * r.val };
                               ^
../src/Field5.h:7:21: note: candidate: constexpr Field5::Field5(unsigned int)
  explicit constexpr Field5(unsigned x = 0u) :
                     ^~~~~~
../src/Field5.h:7:21: note:   conversion of argument 1 would be ill-formed:
../src/Field5.h:6:8: note: candidate: constexpr Field5::Field5(const Field5&)
 struct Field5 {
        ^~~~~~
../src/Field5.h:6:8: note:   conversion of argument 1 would be ill-formed:
../src/Field5.h:6:8: note: candidate: constexpr Field5::Field5(Field5&&)
../src/Field5.h:6:8: note:   conversion of argument 1 would be ill-formed:
make: *** [src/subdir.mk:23: src/Field5.o] Error 1
09:44:42 **** Incremental Build of configuration Debug for project W07 ****
make all 
Building file: ../src/Field5.cpp
Invoking: GCC C++ Compiler
g++ -std=c++1y -I"/home/rzi/HSR/module/CPl/workspace/W07/cute" -I"/home/rzi/HSR/module/CPl/workspace/W07/boost" -O0 -g3 -Wall -c -fmessage-length=0 -Wno-attributes -MMD -MP -MF"src/Field5.d" -MT"src/Field5.o" -o "src/Field5.o" "../src/Field5.cpp"
In file included from ../src/Field5.cpp:1:0:
../src/Field5.h: In member function ‘constexpr Field5 Field5::operator-() const’:
../src/Field5.h:53:25: error: ‘r’ was not declared in this scope
   return Field5 { val * r.val };
                         ^
../src/Field5.h:53:31: error: no matching function for call to ‘Field5::Field5(<brace-enclosed initializer list>)’
   return Field5 { val * r.val };
                               ^
../src/Field5.h:7:21: note: candidate: constexpr Field5::Field5(unsigned int)
  explicit constexpr Field5(unsigned x = 0u) :
                     ^~~~~~
../src/Field5.h:7:21: note:   conversion of argument 1 would be ill-formed:
../src/Field5.h:6:8: note: candidate: constexpr Field5::Field5(const Field5&)
 struct Field5 {
        ^~~~~~
../src/Field5.h:6:8: note:   conversion of argument 1 would be ill-formed:
../src/Field5.h:6:8: note: candidate: constexpr Field5::Field5(Field5&&)
../src/Field5.h:6:8: note:   conversion of argument 1 would be ill-formed:
make: *** [src/subdir.mk:23: src/Field5.o] Error 1
09:44:45 **** Incremental Build of configuration Debug for project W07 ****
make all 
Building file: ../src/Field5.cpp
Invoking: GCC C++ Compiler
g++ -std=c++1y -I"/home/rzi/HSR/module/CPl/workspace/W07/cute" -I"/home/rzi/HSR/module/CPl/workspace/W07/boost" -O0 -g3 -Wall -c -fmessage-length=0 -Wno-attributes -MMD -MP -MF"src/Field5.d" -MT"src/Field5.o" -o "src/Field5.o" "../src/Field5.cpp"
Finished building: ../src/Field5.cpp
 
Building file: ../src/Test.cpp
Invoking: GCC C++ Compiler
g++ -std=c++1y -I"/home/rzi/HSR/module/CPl/workspace/W07/cute" -I"/home/rzi/HSR/module/CPl/workspace/W07/boost" -O0 -g3 -Wall -c -fmessage-length=0 -Wno-attributes -MMD -MP -MF"src/Test.d" -MT"src/Test.o" -o "src/Test.o" "../src/Test.cpp"
../src/Test.cpp: In function ‘void testSimpleField5Negation()’:
../src/Test.cpp:31:20: error: conversion from ‘unsigned int’ to non-scalar type ‘Field5’ requested
  Field5 result = a + (-a);
                  ~~^~~~~~
make: *** [src/subdir.mk:23: src/Test.o] Error 1
09:44:51 **** Incremental Build of configuration Debug for project W07 ****
make all 
Building file: ../src/Field5.cpp
Invoking: GCC C++ Compiler
g++ -std=c++1y -I"/home/rzi/HSR/module/CPl/workspace/W07/cute" -I"/home/rzi/HSR/module/CPl/workspace/W07/boost" -O0 -g3 -Wall -c -fmessage-length=0 -Wno-attributes -MMD -MP -MF"src/Field5.d" -MT"src/Field5.o" -o "src/Field5.o" "../src/Field5.cpp"
In file included from ../src/Field5.cpp:1:0:
../src/Field5.h: In member function ‘constexpr Field5 Field5::operator/=(const Field5&) const’:
../src/Field5.h:49:28: error: passing ‘const Field5’ as ‘this’ argument discards qualifiers [-fpermissive]
   return *this*= r.inverse();;
                            ^
../src/Field5.h:31:19: note:   in call to ‘constexpr Field5 Field5::operator*=(const Field5&)’
  constexpr Field5 operator*=(Field5 const&r) {
                   ^~~~~~~~
make: *** [src/subdir.mk:23: src/Field5.o] Error 1
09:44:53 **** Incremental Build of configuration Debug for project W07 ****
make all 
Building file: ../src/Field5.cpp
Invoking: GCC C++ Compiler
g++ -std=c++1y -I"/home/rzi/HSR/module/CPl/workspace/W07/cute" -I"/home/rzi/HSR/module/CPl/workspace/W07/boost" -O0 -g3 -Wall -c -fmessage-length=0 -Wno-attributes -MMD -MP -MF"src/Field5.d" -MT"src/Field5.o" -o "src/Field5.o" "../src/Field5.cpp"
In file included from ../src/Field5.cpp:1:0:
../src/Field5.h: In member function ‘constexpr Field5 Field5::operator/=(const Field5&) const’:
../src/Field5.h:49:29: error: passing ‘const Field5’ as ‘this’ argument discards qualifiers [-fpermissive]
   return *this *= r.inverse();;
                             ^
../src/Field5.h:31:19: note:   in call to ‘constexpr Field5 Field5::operator*=(const Field5&)’
  constexpr Field5 operator*=(Field5 const&r) {
                   ^~~~~~~~
make: *** [src/subdir.mk:23: src/Field5.o] Error 1
09:45:35 **** Incremental Build of configuration Debug for project W07 ****
make all 
Building file: ../src/Field5.cpp
Invoking: GCC C++ Compiler
g++ -std=c++1y -I"/home/rzi/HSR/module/CPl/workspace/W07/cute" -I"/home/rzi/HSR/module/CPl/workspace/W07/boost" -O0 -g3 -Wall -c -fmessage-length=0 -Wno-attributes -MMD -MP -MF"src/Field5.d" -MT"src/Field5.o" -o "src/Field5.o" "../src/Field5.cpp"
In file included from ../src/Field5.cpp:1:0:
../src/Field5.h: In member function ‘constexpr Field5 Field5::operator/=(const Field5&) const’:
../src/Field5.h:49:8: error: expected ‘;’ before ‘::’ token
   *this::operator*(r.inverse());
        ^~
../src/Field5.h:49:3: warning: value computed is not used [-Wunused-value]
   *this::operator*(r.inverse());
   ^~~~~
../src/Field5.h:49:3: warning: statement has no effect [-Wunused-value]
make: *** [src/subdir.mk:23: src/Field5.o] Error 1
09:45:52 **** Incremental Build of configuration Debug for project W07 ****
make all 
Building file: ../src/Field5.cpp
Invoking: GCC C++ Compiler
g++ -std=c++1y -I"/home/rzi/HSR/module/CPl/workspace/W07/cute" -I"/home/rzi/HSR/module/CPl/workspace/W07/boost" -O0 -g3 -Wall -c -fmessage-length=0 -Wno-attributes -MMD -MP -MF"src/Field5.d" -MT"src/Field5.o" -o "src/Field5.o" "../src/Field5.cpp"
In file included from ../src/Field5.cpp:1:0:
../src/Field5.h: In member function ‘constexpr Field5 Field5::operator/=(const Field5&) const’:
../src/Field5.h:50:8: error: expected ‘;’ before ‘::’ token
   *this::operator*(r.inverse());
        ^~
../src/Field5.h:50:3: warning: value computed is not used [-Wunused-value]
   *this::operator*(r.inverse());
   ^~~~~
../src/Field5.h:50:3: warning: statement has no effect [-Wunused-value]
make: *** [src/subdir.mk:23: src/Field5.o] Error 1
09:46:43 **** Incremental Build of configuration Debug for project W07 ****
make all 
Building file: ../src/Field5.cpp
Invoking: GCC C++ Compiler
g++ -std=c++1y -I"/home/rzi/HSR/module/CPl/workspace/W07/cute" -I"/home/rzi/HSR/module/CPl/workspace/W07/boost" -O0 -g3 -Wall -c -fmessage-length=0 -Wno-attributes -MMD -MP -MF"src/Field5.d" -MT"src/Field5.o" -o "src/Field5.o" "../src/Field5.cpp"
Finished building: ../src/Field5.cpp
 
Building file: ../src/Test.cpp
Invoking: GCC C++ Compiler
g++ -std=c++1y -I"/home/rzi/HSR/module/CPl/workspace/W07/cute" -I"/home/rzi/HSR/module/CPl/workspace/W07/boost" -O0 -g3 -Wall -c -fmessage-length=0 -Wno-attributes -MMD -MP -MF"src/Test.d" -MT"src/Test.o" -o "src/Test.o" "../src/Test.cpp"
../src/Test.cpp: In function ‘void testSimpleField5Negation()’:
../src/Test.cpp:31:20: error: conversion from ‘unsigned int’ to non-scalar type ‘Field5’ requested
  Field5 result = a + (-a);
                  ~~^~~~~~
make: *** [src/subdir.mk:23: src/Test.o] Error 1
09:46:53 **** Incremental Build of configuration Debug for project W07 ****
make all 
Building file: ../src/Test.cpp
Invoking: GCC C++ Compiler
g++ -std=c++1y -I"/home/rzi/HSR/module/CPl/workspace/W07/cute" -I"/home/rzi/HSR/module/CPl/workspace/W07/boost" -O0 -g3 -Wall -c -fmessage-length=0 -Wno-attributes -MMD -MP -MF"src/Test.d" -MT"src/Test.o" -o "src/Test.o" "../src/Test.cpp"
Finished building: ../src/Test.cpp
 
Building target: W07
Invoking: GCC C++ Linker
g++  -o "W07"  ./src/Field5.o ./src/Test.o   
Finished building target: W07
 
09:47:05 **** Incremental Build of configuration Debug for project W07 ****
make all 
Building file: ../src/Field5.cpp
Invoking: GCC C++ Compiler
g++ -std=c++1y -I"/home/rzi/HSR/module/CPl/workspace/W07/cute" -I"/home/rzi/HSR/module/CPl/workspace/W07/boost" -O0 -g3 -Wall -c -fmessage-length=0 -Wno-attributes -MMD -MP -MF"src/Field5.d" -MT"src/Field5.o" -o "src/Field5.o" "../src/Field5.cpp"
In file included from ../src/Field5.cpp:1:0:
../src/Field5.h: In member function ‘constexpr Field5 Field5::operator/=(const Field5&) const’:
../src/Field5.h:50:12: error: passing ‘const Field5’ as ‘this’ argument discards qualifiers [-fpermissive]
   *this *= r;
            ^
../src/Field5.h:31:19: note:   in call to ‘constexpr Field5 Field5::operator*=(const Field5&)’
  constexpr Field5 operator*=(Field5 const&r) {
                   ^~~~~~~~
make: *** [src/subdir.mk:23: src/Field5.o] Error 1
09:47:07 **** Incremental Build of configuration Debug for project W07 ****
make all 
Building file: ../src/Field5.cpp
Invoking: GCC C++ Compiler
g++ -std=c++1y -I"/home/rzi/HSR/module/CPl/workspace/W07/cute" -I"/home/rzi/HSR/module/CPl/workspace/W07/boost" -O0 -g3 -Wall -c -fmessage-length=0 -Wno-attributes -MMD -MP -MF"src/Field5.d" -MT"src/Field5.o" -o "src/Field5.o" "../src/Field5.cpp"
Finished building: ../src/Field5.cpp
 
Building file: ../src/Test.cpp
Invoking: GCC C++ Compiler
g++ -std=c++1y -I"/home/rzi/HSR/module/CPl/workspace/W07/cute" -I"/home/rzi/HSR/module/CPl/workspace/W07/boost" -O0 -g3 -Wall -c -fmessage-length=0 -Wno-attributes -MMD -MP -MF"src/Test.d" -MT"src/Test.o" -o "src/Test.o" "../src/Test.cpp"
Finished building: ../src/Test.cpp
 
Building target: W07
Invoking: GCC C++ Linker
g++  -o "W07"  ./src/Field5.o ./src/Test.o   
Finished building target: W07
 
09:47:10 **** Incremental Build of configuration Debug for project W07 ****
make all 
Building file: ../src/Field5.cpp
Invoking: GCC C++ Compiler
g++ -std=c++1y -I"/home/rzi/HSR/module/CPl/workspace/W07/cute" -I"/home/rzi/HSR/module/CPl/workspace/W07/boost" -O0 -g3 -Wall -c -fmessage-length=0 -Wno-attributes -MMD -MP -MF"src/Field5.d" -MT"src/Field5.o" -o "src/Field5.o" "../src/Field5.cpp"
Finished building: ../src/Field5.cpp
 
Building file: ../src/Test.cpp
Invoking: GCC C++ Compiler
g++ -std=c++1y -I"/home/rzi/HSR/module/CPl/workspace/W07/cute" -I"/home/rzi/HSR/module/CPl/workspace/W07/boost" -O0 -g3 -Wall -c -fmessage-length=0 -Wno-attributes -MMD -MP -MF"src/Test.d" -MT"src/Test.o" -o "src/Test.o" "../src/Test.cpp"
Finished building: ../src/Test.cpp
 
Building target: W07
Invoking: GCC C++ Linker
g++  -o "W07"  ./src/Field5.o ./src/Test.o   
Finished building target: W07
 
